{
  "stats": {
    "suites": 7,
    "tests": 20,
    "passes": 20,
    "pending": 0,
    "failures": 0,
    "start": "2019-09-29T02:19:22.200Z",
    "end": "2019-09-29T02:19:26.857Z",
    "duration": 4657,
    "testsRegistered": 20,
    "passPercent": 100,
    "pendingPercent": 0,
    "other": 0,
    "hasOther": false,
    "skipped": 0,
    "hasSkipped": false
  },
  "results": [
    {
      "uuid": "08740f72-0376-4dea-94b6-ae35f4591360",
      "title": "",
      "fullFile": "",
      "file": "",
      "beforeHooks": [],
      "afterHooks": [],
      "tests": [],
      "suites": [
        {
          "uuid": "698b26ff-7553-437d-a629-3d68a897f7a1",
          "title": "Look up specific berry and its properties",
          "fullFile": "C:\\git\\API_Pokedex\\Test\\api\\berries.js",
          "file": "\\Test\\api\\berries.js",
          "beforeHooks": [],
          "afterHooks": [],
          "tests": [
            {
              "title": "should locate a correct berry name",
              "fullTitle": "Look up specific berry and its properties should locate a correct berry name",
              "timedOut": false,
              "duration": 290,
              "state": "passed",
              "speed": "slow",
              "pass": true,
              "fail": false,
              "pending": false,
              "context": null,
              "code": "let berryName = 'pecha';\nrequest\n  .get('/berry/' + berryName).end(function (err, res) {\n    expect(res.statusCode).to.equal(200);\n    expect(res.body.name).to.equal(berryName);\n    done(err);\n  })",
              "err": {},
              "uuid": "bfd98850-e102-4233-876b-ac0444d5e742",
              "parentUUID": "698b26ff-7553-437d-a629-3d68a897f7a1",
              "isHook": false,
              "skipped": false
            },
            {
              "title": "should locate a correct item name",
              "fullTitle": "Look up specific berry and its properties should locate a correct item name",
              "timedOut": false,
              "duration": 225,
              "state": "passed",
              "speed": "slow",
              "pass": true,
              "fail": false,
              "pending": false,
              "context": null,
              "code": "let berryName = 'persim';\nrequest\n  .get('/berry/' + berryName).end(function (err, res) {\n    expect(res.statusCode).to.equal(200);\n    expect(res.body.item.name).to.equal(berryName + \"-berry\");\n    done(err);\n  })",
              "err": {},
              "uuid": "353849c2-ff22-4de2-acb6-5a31da08c8e9",
              "parentUUID": "698b26ff-7553-437d-a629-3d68a897f7a1",
              "isHook": false,
              "skipped": false
            },
            {
              "title": "should locate the attribute values from size, smoothnees and soil_dryness",
              "fullTitle": "Look up specific berry and its properties should locate the attribute values from size, smoothnees and soil_dryness",
              "timedOut": false,
              "duration": 221,
              "state": "passed",
              "speed": "slow",
              "pass": true,
              "fail": false,
              "pending": false,
              "context": null,
              "code": "let berryName = 'colbur';\nrequest\n  .get('/berry/' + berryName).end(function (err, res) {\n    expect(res.statusCode).to.equal(200);\n    expect(res.body.size).to.equal(39);\n    expect(res.body.smoothness).to.equal(35);\n    expect(res.body.soil_dryness).to.equal(6);\n    done(err);\n  })",
              "err": {},
              "uuid": "6e94fbb6-9339-4cd1-bf89-a8426e2e8267",
              "parentUUID": "698b26ff-7553-437d-a629-3d68a897f7a1",
              "isHook": false,
              "skipped": false
            },
            {
              "title": "should not locate an incorrect item name",
              "fullTitle": "Look up specific berry and its properties should not locate an incorrect item name",
              "timedOut": false,
              "duration": 229,
              "state": "passed",
              "speed": "slow",
              "pass": true,
              "fail": false,
              "pending": false,
              "context": null,
              "code": "let berryName = 'x32cd';\nrequest\n  .get('/berry/' + berryName).end(function (err, res) {\n    expect(res.statusCode).to.equal(404);\n    expect(res.body).to.be.empty;\n    done(err);\n  })",
              "err": {},
              "uuid": "5046db47-e978-492e-b0ae-5dff620b927d",
              "parentUUID": "698b26ff-7553-437d-a629-3d68a897f7a1",
              "isHook": false,
              "skipped": false
            },
            {
              "title": "should bring the 20 first values",
              "fullTitle": "Look up specific berry and its properties should bring the 20 first values",
              "timedOut": false,
              "duration": 226,
              "state": "passed",
              "speed": "slow",
              "pass": true,
              "fail": false,
              "pending": false,
              "context": null,
              "code": "request\n  .get('/berry/').end(function (err, res) {\n    expect(res.statusCode).to.equal(200);\n    expect(res.body.results).to.be.an('array');\n    expect(res.body.results).to.have.length(20);\n    done(err);\n  })",
              "err": {},
              "uuid": "92640de5-28e6-44b4-93b9-842f160f95d2",
              "parentUUID": "698b26ff-7553-437d-a629-3d68a897f7a1",
              "isHook": false,
              "skipped": false
            }
          ],
          "suites": [],
          "passes": [
            "bfd98850-e102-4233-876b-ac0444d5e742",
            "353849c2-ff22-4de2-acb6-5a31da08c8e9",
            "6e94fbb6-9339-4cd1-bf89-a8426e2e8267",
            "5046db47-e978-492e-b0ae-5dff620b927d",
            "92640de5-28e6-44b4-93b9-842f160f95d2"
          ],
          "failures": [],
          "pending": [],
          "skipped": [],
          "duration": 1191,
          "root": false,
          "rootEmpty": false,
          "_timeout": 2000
        },
        {
          "uuid": "39e206ae-75a1-4721-81c1-a4d49acbef2f",
          "title": "Look up specific Pokemon effects",
          "fullFile": "C:\\git\\API_Pokedex\\Test\\api\\contestEffect.js",
          "file": "\\Test\\api\\contestEffect.js",
          "beforeHooks": [],
          "afterHooks": [],
          "tests": [
            {
              "title": "should locate a correct effect by id",
              "fullTitle": "Look up specific Pokemon effects should locate a correct effect by id",
              "timedOut": false,
              "duration": 218,
              "state": "passed",
              "speed": "slow",
              "pass": true,
              "fail": false,
              "pending": false,
              "context": null,
              "code": "let effectId = 8;\nrequest\n    .get('/contest-effect/' + effectId).end(function (err, res) {\n        expect(res.statusCode).to.equal(200);\n        expect(res.body.id).to.equal(effectId);\n        done(err);\n    })",
              "err": {},
              "uuid": "3678dd86-9cbd-4e41-894e-caf55343a75a",
              "parentUUID": "39e206ae-75a1-4721-81c1-a4d49acbef2f",
              "isHook": false,
              "skipped": false
            },
            {
              "title": "should locate the correct effect name",
              "fullTitle": "Look up specific Pokemon effects should locate the correct effect name",
              "timedOut": false,
              "duration": 228,
              "state": "passed",
              "speed": "slow",
              "pass": true,
              "fail": false,
              "pending": false,
              "context": null,
              "code": "let effectId = 7;\nrequest\n    .get('/contest-effect/' + effectId).end(function (err, res) {\n        expect(res.statusCode).to.equal(200);\n        expect(res.body.effect_entries[0].effect).to\n            .equal(\"User cannot make any more appeals for the remainder of the contest.\");\n        done(err);\n    })",
              "err": {},
              "uuid": "c262a18a-edf6-4c1d-96cc-7719ce0c0252",
              "parentUUID": "39e206ae-75a1-4721-81c1-a4d49acbef2f",
              "isHook": false,
              "skipped": false
            },
            {
              "title": "should not locate an effect ",
              "fullTitle": "Look up specific Pokemon effects should not locate an effect ",
              "timedOut": false,
              "duration": 215,
              "state": "passed",
              "speed": "slow",
              "pass": true,
              "fail": false,
              "pending": false,
              "context": null,
              "code": "request\n  .get('/contest-effect/' + 45454).end(function (err, res) {\n    expect(res.statusCode).to.equal(404);\n    expect(res.body).to.be.empty;\n    done(err);\n  })",
              "err": {},
              "uuid": "b9f64480-7aa9-49e8-979c-560574eabb63",
              "parentUUID": "39e206ae-75a1-4721-81c1-a4d49acbef2f",
              "isHook": false,
              "skipped": false
            }
          ],
          "suites": [],
          "passes": [
            "3678dd86-9cbd-4e41-894e-caf55343a75a",
            "c262a18a-edf6-4c1d-96cc-7719ce0c0252",
            "b9f64480-7aa9-49e8-979c-560574eabb63"
          ],
          "failures": [],
          "pending": [],
          "skipped": [],
          "duration": 661,
          "root": false,
          "rootEmpty": false,
          "_timeout": 2000
        },
        {
          "uuid": "cdd2379c-30b4-49d8-8b4c-3bc788785c41",
          "title": "Look up encounter method and its properties",
          "fullFile": "C:\\git\\API_Pokedex\\Test\\api\\encounterMethod.js",
          "file": "\\Test\\api\\encounterMethod.js",
          "beforeHooks": [],
          "afterHooks": [],
          "tests": [
            {
              "title": "should locate the correct name by id",
              "fullTitle": "Look up encounter method and its properties should locate the correct name by id",
              "timedOut": false,
              "duration": 231,
              "state": "passed",
              "speed": "slow",
              "pass": true,
              "fail": false,
              "pending": false,
              "context": null,
              "code": "let encId = 11;\nrequest\n    .get('/encounter-method/' + encId).end(function (err, res) {\n        expect(res.statusCode).to.equal(200);\n        expect(res.body.id).to.equal(encId);\n        expect(res.body.name).to.equal(\"bridge-spots\");\n        done(err);\n    })",
              "err": {},
              "uuid": "534bf3df-166a-4d52-b4ec-753b5ae7fac2",
              "parentUUID": "cdd2379c-30b4-49d8-8b4c-3bc788785c41",
              "isHook": false,
              "skipped": false
            },
            {
              "title": "should locate the correct encounter description by name",
              "fullTitle": "Look up encounter method and its properties should locate the correct encounter description by name",
              "timedOut": false,
              "duration": 219,
              "state": "passed",
              "speed": "slow",
              "pass": true,
              "fail": false,
              "pending": false,
              "context": null,
              "code": "let encName = \"bridge-spots\";\nrequest\n    .get('/encounter-method/' + encName).end(function (err, res) {\n        expect(res.statusCode).to.equal(200);\n        expect(res.body.id).to.equal(11);\n        expect(res.body.names[1].name).to.equal(\"Walking in bridge shadows\");\n        done(err);\n    })",
              "err": {},
              "uuid": "a1a2ea06-0dc8-4b8a-b92c-c353a972b839",
              "parentUUID": "cdd2379c-30b4-49d8-8b4c-3bc788785c41",
              "isHook": false,
              "skipped": false
            },
            {
              "title": "should not locate an encounter method",
              "fullTitle": "Look up encounter method and its properties should not locate an encounter method",
              "timedOut": false,
              "duration": 216,
              "state": "passed",
              "speed": "slow",
              "pass": true,
              "fail": false,
              "pending": false,
              "context": null,
              "code": "request\n  .get('/encounter-method/' + 333).end(function (err, res) {\n    expect(res.statusCode).to.equal(404);\n    expect(res.body).to.be.empty;\n    done(err);\n  })",
              "err": {},
              "uuid": "155db6a2-a8f9-43ed-a2ec-e8ddd1a63663",
              "parentUUID": "cdd2379c-30b4-49d8-8b4c-3bc788785c41",
              "isHook": false,
              "skipped": false
            }
          ],
          "suites": [],
          "passes": [
            "534bf3df-166a-4d52-b4ec-753b5ae7fac2",
            "a1a2ea06-0dc8-4b8a-b92c-c353a972b839",
            "155db6a2-a8f9-43ed-a2ec-e8ddd1a63663"
          ],
          "failures": [],
          "pending": [],
          "skipped": [],
          "duration": 666,
          "root": false,
          "rootEmpty": false,
          "_timeout": 2000
        },
        {
          "uuid": "6ec8b1d6-7ef1-4717-b314-8ddebd91344b",
          "title": "Look up evolution chain values",
          "fullFile": "C:\\git\\API_Pokedex\\Test\\api\\evolutionChain.js",
          "file": "\\Test\\api\\evolutionChain.js",
          "beforeHooks": [],
          "afterHooks": [],
          "tests": [
            {
              "title": "should locate the level minimum",
              "fullTitle": "Look up evolution chain values should locate the level minimum",
              "timedOut": false,
              "duration": 232,
              "state": "passed",
              "speed": "slow",
              "pass": true,
              "fail": false,
              "pending": false,
              "context": null,
              "code": "let eveID = 5;\nrequest\n  .get('/evolution-chain/' + eveID).end(function (err, res) {\n    expect(res.statusCode).to.equal(200);\n    expect(res.body.chain.evolves_to[0].evolution_details[0].min_level).to.equal(7);\n    done(err);\n  })",
              "err": {},
              "uuid": "73562c12-53c2-4d93-938f-fd0c2bd3fc02",
              "parentUUID": "6ec8b1d6-7ef1-4717-b314-8ddebd91344b",
              "isHook": false,
              "skipped": false
            },
            {
              "title": "should not locate an evolution chain",
              "fullTitle": "Look up evolution chain values should not locate an evolution chain",
              "timedOut": false,
              "duration": 217,
              "state": "passed",
              "speed": "slow",
              "pass": true,
              "fail": false,
              "pending": false,
              "context": null,
              "code": "request\n  .get('/evolution-chain/' + 45454).end(function (err, res) {\n    expect(res.statusCode).to.equal(404);\n    expect(res.body).to.be.empty;\n    done(err);\n  })",
              "err": {},
              "uuid": "2296c3c5-f14d-4ae8-bd07-53c73931d714",
              "parentUUID": "6ec8b1d6-7ef1-4717-b314-8ddebd91344b",
              "isHook": false,
              "skipped": false
            }
          ],
          "suites": [],
          "passes": [
            "73562c12-53c2-4d93-938f-fd0c2bd3fc02",
            "2296c3c5-f14d-4ae8-bd07-53c73931d714"
          ],
          "failures": [],
          "pending": [],
          "skipped": [],
          "duration": 449,
          "root": false,
          "rootEmpty": false,
          "_timeout": 2000
        },
        {
          "uuid": "ec1e993c-cf89-4ab6-863d-da12bfaa89e7",
          "title": "Look up specific item and its properties",
          "fullFile": "C:\\git\\API_Pokedex\\Test\\api\\item.js",
          "file": "\\Test\\api\\item.js",
          "beforeHooks": [],
          "afterHooks": [],
          "tests": [
            {
              "title": "should locate a correct item attribute name by id",
              "fullTitle": "Look up specific item and its properties should locate a correct item attribute name by id",
              "timedOut": false,
              "duration": 235,
              "state": "passed",
              "speed": "slow",
              "pass": true,
              "fail": false,
              "pending": false,
              "context": null,
              "code": "request\n  .get('/item/' + 4).end(function (err, res) {\n    expect(res.statusCode).to.equal(200);\n    expect(res.body.attributes[1].name).to.equal(\"usable-in-battle\");\n    done(err);\n  })",
              "err": {},
              "uuid": "0b2b3183-2fa6-4148-af07-5a4dec53835a",
              "parentUUID": "ec1e993c-cf89-4ab6-863d-da12bfaa89e7",
              "isHook": false,
              "skipped": false
            },
            {
              "title": "should not locate an item attribute name by id",
              "fullTitle": "Look up specific item and its properties should not locate an item attribute name by id",
              "timedOut": false,
              "duration": 217,
              "state": "passed",
              "speed": "slow",
              "pass": true,
              "fail": false,
              "pending": false,
              "context": null,
              "code": "request\n  .get('/item/' + 454545).end(function (err, res) {\n    expect(res.statusCode).to.equal(404);\n    expect(res.body).to.be.empty;\n    done(err);\n  })",
              "err": {},
              "uuid": "116690c9-ac90-4e4a-9d51-04c5143ad4af",
              "parentUUID": "ec1e993c-cf89-4ab6-863d-da12bfaa89e7",
              "isHook": false,
              "skipped": false
            }
          ],
          "suites": [],
          "passes": [
            "0b2b3183-2fa6-4148-af07-5a4dec53835a",
            "116690c9-ac90-4e4a-9d51-04c5143ad4af"
          ],
          "failures": [],
          "pending": [],
          "skipped": [],
          "duration": 452,
          "root": false,
          "rootEmpty": false,
          "_timeout": 2000
        },
        {
          "uuid": "332e50b5-e89f-46da-9838-0ae338ae43e4",
          "title": "Look up battle styles",
          "fullFile": "C:\\git\\API_Pokedex\\Test\\api\\moveBattleStyle.js",
          "file": "\\Test\\api\\moveBattleStyle.js",
          "beforeHooks": [],
          "afterHooks": [],
          "tests": [
            {
              "title": "should locate a correct battle styles by name",
              "fullTitle": "Look up battle styles should locate a correct battle styles by name",
              "timedOut": false,
              "duration": 224,
              "state": "passed",
              "speed": "slow",
              "pass": true,
              "fail": false,
              "pending": false,
              "context": null,
              "code": "request\n  .get('/move-battle-style/' + \"defense\").end(function (err, res) {\n    expect(res.statusCode).to.equal(200);\n    expect(res.body.names[1].name).to.equal(\"Defense\");\n    done(err);\n  })",
              "err": {},
              "uuid": "58991dcb-d3cc-4f60-ac1c-b2837cbce2ac",
              "parentUUID": "332e50b5-e89f-46da-9838-0ae338ae43e4",
              "isHook": false,
              "skipped": false
            },
            {
              "title": "should not locate a battle styles by name",
              "fullTitle": "Look up battle styles should not locate a battle styles by name",
              "timedOut": false,
              "duration": 228,
              "state": "passed",
              "speed": "slow",
              "pass": true,
              "fail": false,
              "pending": false,
              "context": null,
              "code": "request\n  .get('/move-battle-style/' + \"xyz\").end(function (err, res) {\n    expect(res.statusCode).to.equal(404);\n    expect(res.body).to.be.empty;\n    done(err);\n  })",
              "err": {},
              "uuid": "0956192d-2837-4926-9ce6-e50e30c7708b",
              "parentUUID": "332e50b5-e89f-46da-9838-0ae338ae43e4",
              "isHook": false,
              "skipped": false
            }
          ],
          "suites": [],
          "passes": [
            "58991dcb-d3cc-4f60-ac1c-b2837cbce2ac",
            "0956192d-2837-4926-9ce6-e50e30c7708b"
          ],
          "failures": [],
          "pending": [],
          "skipped": [],
          "duration": 452,
          "root": false,
          "rootEmpty": false,
          "_timeout": 2000
        },
        {
          "uuid": "77513c1b-2956-4c09-8c30-26c0387ec3bb",
          "title": "Look up Pokemons",
          "fullFile": "C:\\git\\API_Pokedex\\Test\\api\\pokemon.js",
          "file": "\\Test\\api\\pokemon.js",
          "beforeHooks": [],
          "afterHooks": [],
          "tests": [
            {
              "title": "should locate a correct pokemon by name",
              "fullTitle": "Look up Pokemons should locate a correct pokemon by name",
              "timedOut": false,
              "duration": 234,
              "state": "passed",
              "speed": "slow",
              "pass": true,
              "fail": false,
              "pending": false,
              "context": null,
              "code": "let pokeName = \"beedrill\"\nrequest\n  .get('/pokemon/' + pokeName).end(function (err, res) {\n    let amountOfMoves = 0;\n    for (i = 0; i < res.body.moves.length; i++) {\n      let moveNameApi = res.body.moves[i].move.name\n      let moveNameData = moveName[i];\n      expect(moveNameApi).to.equal(moveNameData);\n      amountOfMoves++\n    }\n    expect(amountOfMoves).to.equal(75);\n    expect(res.statusCode).to.equal(200);\n    expect(res.body.name).to.equal(pokeName);\n    done(err);\n  })",
              "err": {},
              "uuid": "12a39c99-caa7-40ab-b30c-8f9d189e45d0",
              "parentUUID": "77513c1b-2956-4c09-8c30-26c0387ec3bb",
              "isHook": false,
              "skipped": false
            },
            {
              "title": "should locate a correct pokemon by id",
              "fullTitle": "Look up Pokemons should locate a correct pokemon by id",
              "timedOut": false,
              "duration": 230,
              "state": "passed",
              "speed": "slow",
              "pass": true,
              "fail": false,
              "pending": false,
              "context": null,
              "code": "request\n  .get('/pokemon/' + 15).end(function (err, res) {\n    expect(res.statusCode).to.equal(200);\n    expect(res.body.name).to.equal(\"beedrill\");\n    done(err);\n  })",
              "err": {},
              "uuid": "a3d43491-9367-4bda-b344-fe12dd25ccf7",
              "parentUUID": "77513c1b-2956-4c09-8c30-26c0387ec3bb",
              "isHook": false,
              "skipped": false
            },
            {
              "title": "should not locate a pokemon by name",
              "fullTitle": "Look up Pokemons should not locate a pokemon by name",
              "timedOut": false,
              "duration": 222,
              "state": "passed",
              "speed": "slow",
              "pass": true,
              "fail": false,
              "pending": false,
              "context": null,
              "code": "request\n  .get('/pokemon/' + \"beedrill1\").end(function (err, res) {\n    expect(res.statusCode).to.equal(404);\n    expect(res.body).to.be.empty;\n    done(err);\n  })",
              "err": {},
              "uuid": "18e0921c-6568-4e7e-acba-4502754411fa",
              "parentUUID": "77513c1b-2956-4c09-8c30-26c0387ec3bb",
              "isHook": false,
              "skipped": false
            }
          ],
          "suites": [],
          "passes": [
            "12a39c99-caa7-40ab-b30c-8f9d189e45d0",
            "a3d43491-9367-4bda-b344-fe12dd25ccf7",
            "18e0921c-6568-4e7e-acba-4502754411fa"
          ],
          "failures": [],
          "pending": [],
          "skipped": [],
          "duration": 686,
          "root": false,
          "rootEmpty": false,
          "_timeout": 2000
        }
      ],
      "passes": [],
      "failures": [],
      "pending": [],
      "skipped": [],
      "duration": 0,
      "root": true,
      "rootEmpty": true,
      "_timeout": 2000
    }
  ],
  "meta": {
    "mocha": {
      "version": "6.2.0"
    },
    "mochawesome": {
      "options": {
        "quiet": false,
        "reportFilename": "mochawesome",
        "saveHtml": true,
        "saveJson": true,
        "consoleReporter": "spec",
        "useInlineDiffs": false
      },
      "version": "4.1.0"
    },
    "marge": {
      "options": null,
      "version": "4.0.1"
    }
  }
}